20:10:54 **** Incremental Build of configuration Debug for project LED_PushButton ****
make -j4 all 
arm-none-eabi-size  LED_PushButton.elf 
   text	   data	    bss	    dec	    hex	filename
    892	      0	   1568	   2460	    99c	LED_PushButton.elf
Finished building: default.size.stdout
 
20:11:56 **** Incremental Build of configuration Debug for project LED_PushButton ****
make -j4 all 
arm-none-eabi-size  LED_PushButton.elf 
   text	   data	    bss	    dec	    hex	filename
    892	      0	   1568	   2460	    99c	LED_PushButton.elf
Finished building: default.size.stdout
 
20:12:30 **** Incremental Build of configuration Debug for project LED_Blink ****
make -j4 all 
arm-none-eabi-size  LED_Blink.elf 
   text	   data	    bss	    dec	    hex	filename
    860	      0	   1568	   2428	    97c	LED_Blink.elf
Finished building: default.size.stdout
 
20:12:55 **** Incremental Build of configuration Debug for project LED_Pushbutton_BSRR Register ****
make -j4 all 
arm-none-eabi-size  LED_Pushbutton_BSRR\ Register.elf 
   text	   data	    bss	    dec	    hex	filename
    932	      0	   1568	   2500	    9c4	LED_Pushbutton_BSRR Register.elf
Finished building: default.size.stdout
 
20:13:22 **** Incremental Build of configuration Debug for project LED_Pushbutton_BSRR Register ****
make -j4 all 
arm-none-eabi-size  LED_Pushbutton_BSRR\ Register.elf 
   text	   data	    bss	    dec	    hex	filename
    932	      0	   1568	   2500	    9c4	LED_Pushbutton_BSRR Register.elf
Finished building: default.size.stdout
 
20:13:40 **** Incremental Build of configuration Debug for project LED_Pushbutton_BSRR Register ****
make -j4 all 
arm-none-eabi-size  LED_Pushbutton_BSRR\ Register.elf 
   text	   data	    bss	    dec	    hex	filename
    932	      0	   1568	   2500	    9c4	LED_Pushbutton_BSRR Register.elf
Finished building: default.size.stdout
 
